<?xml version="1.0" encoding="UTF-8"?>
<testng-results ignored="0" total="1" passed="1" failed="0" skipped="0">
  <reporter-output>
  </reporter-output>
  <suite started-at="2024-12-22T00:23:14 IST" name="Suite" finished-at="2024-12-22T00:23:32 IST" duration-ms="18036">
    <groups>
    </groups>
    <test started-at="2024-12-22T00:23:14 IST" name="Test" finished-at="2024-12-22T00:23:32 IST" duration-ms="18036">
      <class name="Test.DemoProjectFramework.EBayTest">
        <test-method is-config="true" signature="driverLaunch()[pri:0, instance:Test.DemoProjectFramework.EBayTest@537f60bf]" started-at="2024-12-22T00:23:14 IST" name="driverLaunch" finished-at="2024-12-22T00:23:16 IST" duration-ms="2047" status="PASS">
          <reporter-output>
          </reporter-output>
        </test-method> <!-- driverLaunch -->
        <test-method signature="orderAnItem()[pri:0, instance:Test.DemoProjectFramework.EBayTest@537f60bf]" started-at="2024-12-22T00:23:16 IST" name="orderAnItem" finished-at="2024-12-22T00:23:32 IST" duration-ms="15923" status="PASS">
          <reporter-output>
          </reporter-output>
        </test-method> <!-- orderAnItem -->
      </class> <!-- Test.DemoProjectFramework.EBayTest -->
    </test> <!-- Test -->
  </suite> <!-- Suite -->
</testng-results>
